c:\users\huang\desktop\fogofloveconsole\debug\vc142.pdb
c:\users\huang\desktop\fogofloveconsole\debug\vc142.idb
c:\users\huang\desktop\fogofloveconsole\debug\fogofloveconsole.obj
c:\users\huang\desktop\fogofloveconsole\debug\selectoccu.obj
c:\users\huang\desktop\fogofloveconsole\debug\occupation.obj
c:\users\huang\desktop\fogofloveconsole\debug\trait.obj
c:\users\huang\desktop\fogofloveconsole\debug\feature.obj
c:\users\huang\desktop\fogofloveconsole\debug\characterinitial.obj
c:\users\huang\desktop\fogofloveconsole\debug\personalitytoken.obj
c:\users\huang\desktop\fogofloveconsole\debug\startchar.obj
c:\users\huang\desktop\fogofloveconsole\debug\scene.obj
c:\users\huang\desktop\fogofloveconsole\debug\synopsisdestiny.obj
c:\users\huang\desktop\fogofloveconsole\debug\readtxt.obj
c:\users\huang\desktop\fogofloveconsole\debug\readeffects.obj
c:\users\huang\desktop\fogofloveconsole\debug\fogofloveconsole.exe
c:\users\huang\desktop\fogofloveconsole\debug\fogofloveconsole.ilk
c:\users\huang\desktop\fogofloveconsole\debug\fogofloveconsole.pdb
c:\users\huang\desktop\fogofloveconsole\debug\shuffle.obj
c:\users\huang\desktop\fogofloveconsole\debug\fogofloveconsole.tlog\cl.command.1.tlog
c:\users\huang\desktop\fogofloveconsole\debug\fogofloveconsole.tlog\cl.read.1.tlog
c:\users\huang\desktop\fogofloveconsole\debug\fogofloveconsole.tlog\cl.write.1.tlog
c:\users\huang\desktop\fogofloveconsole\debug\fogofloveconsole.tlog\link.command.1.tlog
c:\users\huang\desktop\fogofloveconsole\debug\fogofloveconsole.tlog\link.read.1.tlog
c:\users\huang\desktop\fogofloveconsole\debug\fogofloveconsole.tlog\link.write.1.tlog
